[27-Jan-2023 18:08:23 Europe/Paris] PHP Warning:  PHP Startup: Unable to load dynamic library 'pdo_pgsql' (tried: /usr/lib/php/20220829/pdo_pgsql (/usr/lib/php/20220829/pdo_pgsql: cannot open shared object file: No such file or directory), /usr/lib/php/20220829/pdo_pgsql.so (/usr/lib/php/20220829/pdo_pgsql.so: undefined symbol: pdo_parse_params)) in Unknown on line 0
[27-Jan-2023 17:08:23 UTC] Xdebug: [Step Debug] Could not connect to debugging client. Tried: localhost:9003 (through xdebug.client_host/xdebug.client_port).
[27-Jan-2023 18:08:27 Europe/Paris] PHP Warning:  PHP Startup: Unable to load dynamic library 'pdo_pgsql' (tried: /usr/lib/php/20220829/pdo_pgsql (/usr/lib/php/20220829/pdo_pgsql: cannot open shared object file: No such file or directory), /usr/lib/php/20220829/pdo_pgsql.so (/usr/lib/php/20220829/pdo_pgsql.so: undefined symbol: pdo_parse_params)) in Unknown on line 0
[27-Jan-2023 17:08:27 UTC] Xdebug: [Step Debug] Could not connect to debugging client. Tried: localhost:9003 (through xdebug.client_host/xdebug.client_port).
[27-Jan-2023 17:08:27 UTC] Xdebug: [Step Debug] Could not connect to debugging client. Tried: localhost:9003 (through xdebug.client_host/xdebug.client_port).
[27-Jan-2023 18:08:28 Europe/Paris] PHP Warning:  PHP Startup: Unable to load dynamic library 'pdo_pgsql' (tried: /usr/lib/php/20220829/pdo_pgsql (/usr/lib/php/20220829/pdo_pgsql: cannot open shared object file: No such file or directory), /usr/lib/php/20220829/pdo_pgsql.so (/usr/lib/php/20220829/pdo_pgsql.so: undefined symbol: pdo_parse_params)) in Unknown on line 0
[27-Jan-2023 17:08:28 UTC] Xdebug: [Step Debug] Could not connect to debugging client. Tried: localhost:9003 (through xdebug.client_host/xdebug.client_port).
[27-Jan-2023 17:08:28 UTC] Xdebug: [Step Debug] Could not connect to debugging client. Tried: localhost:9003 (through xdebug.client_host/xdebug.client_port).
[27-Jan-2023 18:08:28 Europe/Paris] PHP Warning:  PHP Startup: Unable to load dynamic library 'pdo_pgsql' (tried: /usr/lib/php/20220829/pdo_pgsql (/usr/lib/php/20220829/pdo_pgsql: cannot open shared object file: No such file or directory), /usr/lib/php/20220829/pdo_pgsql.so (/usr/lib/php/20220829/pdo_pgsql.so: undefined symbol: pdo_parse_params)) in Unknown on line 0
[27-Jan-2023 17:08:28 UTC] Xdebug: [Step Debug] Could not connect to debugging client. Tried: localhost:9003 (through xdebug.client_host/xdebug.client_port).
[27-Jan-2023 17:08:28 UTC] Xdebug: [Step Debug] Could not connect to debugging client. Tried: localhost:9003 (through xdebug.client_host/xdebug.client_port).
[30-Jan-2023 18:44:43 Europe/Paris] PHP Warning:  PHP Startup: Unable to load dynamic library 'pdo_pgsql' (tried: /usr/lib/php/20220829/pdo_pgsql (/usr/lib/php/20220829/pdo_pgsql: cannot open shared object file: No such file or directory), /usr/lib/php/20220829/pdo_pgsql.so (/usr/lib/php/20220829/pdo_pgsql.so: undefined symbol: pdo_parse_params)) in Unknown on line 0
[30-Jan-2023 17:44:43 UTC] Xdebug: [Step Debug] Could not connect to debugging client. Tried: localhost:9003 (through xdebug.client_host/xdebug.client_port).
[30-Jan-2023 18:54:21 Europe/Paris] PHP Warning:  PHP Startup: Unable to load dynamic library 'pdo_pgsql' (tried: /usr/lib/php/20220829/pdo_pgsql (/usr/lib/php/20220829/pdo_pgsql: cannot open shared object file: No such file or directory), /usr/lib/php/20220829/pdo_pgsql.so (/usr/lib/php/20220829/pdo_pgsql.so: undefined symbol: pdo_parse_params)) in Unknown on line 0
[30-Jan-2023 17:54:21 UTC] Xdebug: [Step Debug] Could not connect to debugging client. Tried: localhost:9003 (through xdebug.client_host/xdebug.client_port).
[30-Jan-2023 18:54:21 Europe/Paris] PHP Warning:  PHP Startup: Unable to load dynamic library 'pdo_pgsql' (tried: /usr/lib/php/20220829/pdo_pgsql (/usr/lib/php/20220829/pdo_pgsql: cannot open shared object file: No such file or directory), /usr/lib/php/20220829/pdo_pgsql.so (/usr/lib/php/20220829/pdo_pgsql.so: undefined symbol: pdo_parse_params)) in Unknown on line 0
[30-Jan-2023 17:54:21 UTC] Xdebug: [Step Debug] Could not connect to debugging client. Tried: localhost:9003 (through xdebug.client_host/xdebug.client_port).
[30-Jan-2023 18:54:21 Europe/Paris] PHP Warning:  PHP Startup: Unable to load dynamic library 'pdo_pgsql' (tried: /usr/lib/php/20220829/pdo_pgsql (/usr/lib/php/20220829/pdo_pgsql: cannot open shared object file: No such file or directory), /usr/lib/php/20220829/pdo_pgsql.so (/usr/lib/php/20220829/pdo_pgsql.so: undefined symbol: pdo_parse_params)) in Unknown on line 0
[30-Jan-2023 18:54:22 Europe/Paris] PHP Warning:  PHP Startup: Unable to load dynamic library 'pdo_pgsql' (tried: /usr/lib/php/20220829/pdo_pgsql (/usr/lib/php/20220829/pdo_pgsql: cannot open shared object file: No such file or directory), /usr/lib/php/20220829/pdo_pgsql.so (/usr/lib/php/20220829/pdo_pgsql.so: undefined symbol: pdo_parse_params)) in Unknown on line 0
[30-Jan-2023 17:54:22 UTC] Xdebug: [Step Debug] Could not connect to debugging client. Tried: localhost:9003 (through xdebug.client_host/xdebug.client_port).
[30-Jan-2023 17:54:22 UTC] Xdebug: [Step Debug] Could not connect to debugging client. Tried: localhost:9003 (through xdebug.client_host/xdebug.client_port).
[30-Jan-2023 17:54:22 UTC] Xdebug: [Step Debug] Could not connect to debugging client. Tried: localhost:9003 (through xdebug.client_host/xdebug.client_port).
[30-Jan-2023 18:54:34 Europe/Paris] PHP Warning:  PHP Startup: Unable to load dynamic library 'pdo_pgsql' (tried: /usr/lib/php/20220829/pdo_pgsql (/usr/lib/php/20220829/pdo_pgsql: cannot open shared object file: No such file or directory), /usr/lib/php/20220829/pdo_pgsql.so (/usr/lib/php/20220829/pdo_pgsql.so: undefined symbol: pdo_parse_params)) in Unknown on line 0
[30-Jan-2023 17:54:34 UTC] Xdebug: [Step Debug] Could not connect to debugging client. Tried: localhost:9003 (through xdebug.client_host/xdebug.client_port).
[30-Jan-2023 18:54:34 Europe/Paris] PHP Warning:  PHP Startup: Unable to load dynamic library 'pdo_pgsql' (tried: /usr/lib/php/20220829/pdo_pgsql (/usr/lib/php/20220829/pdo_pgsql: cannot open shared object file: No such file or directory), /usr/lib/php/20220829/pdo_pgsql.so (/usr/lib/php/20220829/pdo_pgsql.so: undefined symbol: pdo_parse_params)) in Unknown on line 0
[30-Jan-2023 17:54:34 UTC] Xdebug: [Step Debug] Could not connect to debugging client. Tried: localhost:9003 (through xdebug.client_host/xdebug.client_port).
[30-Jan-2023 18:54:34 Europe/Paris] PHP Warning:  PHP Startup: Unable to load dynamic library 'pdo_pgsql' (tried: /usr/lib/php/20220829/pdo_pgsql (/usr/lib/php/20220829/pdo_pgsql: cannot open shared object file: No such file or directory), /usr/lib/php/20220829/pdo_pgsql.so (/usr/lib/php/20220829/pdo_pgsql.so: undefined symbol: pdo_parse_params)) in Unknown on line 0
[30-Jan-2023 18:54:35 Europe/Paris] PHP Warning:  PHP Startup: Unable to load dynamic library 'pdo_pgsql' (tried: /usr/lib/php/20220829/pdo_pgsql (/usr/lib/php/20220829/pdo_pgsql: cannot open shared object file: No such file or directory), /usr/lib/php/20220829/pdo_pgsql.so (/usr/lib/php/20220829/pdo_pgsql.so: undefined symbol: pdo_parse_params)) in Unknown on line 0
[30-Jan-2023 17:54:35 UTC] Xdebug: [Step Debug] Could not connect to debugging client. Tried: localhost:9003 (through xdebug.client_host/xdebug.client_port).
[30-Jan-2023 17:54:35 UTC] Xdebug: [Step Debug] Could not connect to debugging client. Tried: localhost:9003 (through xdebug.client_host/xdebug.client_port).
[30-Jan-2023 17:54:35 UTC] Xdebug: [Step Debug] Could not connect to debugging client. Tried: localhost:9003 (through xdebug.client_host/xdebug.client_port).
[30-Jan-2023 18:54:48 Europe/Paris] PHP Warning:  PHP Startup: Unable to load dynamic library 'pdo_pgsql' (tried: /usr/lib/php/20220829/pdo_pgsql (/usr/lib/php/20220829/pdo_pgsql: cannot open shared object file: No such file or directory), /usr/lib/php/20220829/pdo_pgsql.so (/usr/lib/php/20220829/pdo_pgsql.so: undefined symbol: pdo_parse_params)) in Unknown on line 0
[30-Jan-2023 17:54:48 UTC] Xdebug: [Step Debug] Could not connect to debugging client. Tried: localhost:9003 (through xdebug.client_host/xdebug.client_port).
[30-Jan-2023 18:54:48 Europe/Paris] PHP Warning:  PHP Startup: Unable to load dynamic library 'pdo_pgsql' (tried: /usr/lib/php/20220829/pdo_pgsql (/usr/lib/php/20220829/pdo_pgsql: cannot open shared object file: No such file or directory), /usr/lib/php/20220829/pdo_pgsql.so (/usr/lib/php/20220829/pdo_pgsql.so: undefined symbol: pdo_parse_params)) in Unknown on line 0
[30-Jan-2023 17:54:48 UTC] Xdebug: [Step Debug] Could not connect to debugging client. Tried: localhost:9003 (through xdebug.client_host/xdebug.client_port).
[30-Jan-2023 18:54:48 Europe/Paris] PHP Warning:  PHP Startup: Unable to load dynamic library 'pdo_pgsql' (tried: /usr/lib/php/20220829/pdo_pgsql (/usr/lib/php/20220829/pdo_pgsql: cannot open shared object file: No such file or directory), /usr/lib/php/20220829/pdo_pgsql.so (/usr/lib/php/20220829/pdo_pgsql.so: undefined symbol: pdo_parse_params)) in Unknown on line 0
[30-Jan-2023 18:54:49 Europe/Paris] PHP Warning:  PHP Startup: Unable to load dynamic library 'pdo_pgsql' (tried: /usr/lib/php/20220829/pdo_pgsql (/usr/lib/php/20220829/pdo_pgsql: cannot open shared object file: No such file or directory), /usr/lib/php/20220829/pdo_pgsql.so (/usr/lib/php/20220829/pdo_pgsql.so: undefined symbol: pdo_parse_params)) in Unknown on line 0
[30-Jan-2023 17:54:49 UTC] Xdebug: [Step Debug] Could not connect to debugging client. Tried: localhost:9003 (through xdebug.client_host/xdebug.client_port).
[30-Jan-2023 17:54:49 UTC] Xdebug: [Step Debug] Could not connect to debugging client. Tried: localhost:9003 (through xdebug.client_host/xdebug.client_port).
[30-Jan-2023 17:54:49 UTC] Xdebug: [Step Debug] Could not connect to debugging client. Tried: localhost:9003 (through xdebug.client_host/xdebug.client_port).
[30-Jan-2023 19:06:42 Europe/Paris] PHP Warning:  PHP Startup: Unable to load dynamic library 'pdo_pgsql' (tried: /usr/lib/php/20220829/pdo_pgsql (/usr/lib/php/20220829/pdo_pgsql: cannot open shared object file: No such file or directory), /usr/lib/php/20220829/pdo_pgsql.so (/usr/lib/php/20220829/pdo_pgsql.so: undefined symbol: pdo_parse_params)) in Unknown on line 0
[30-Jan-2023 18:06:42 UTC] Xdebug: [Step Debug] Could not connect to debugging client. Tried: localhost:9003 (through xdebug.client_host/xdebug.client_port).
[30-Jan-2023 19:06:42 Europe/Paris] PHP Warning:  PHP Startup: Unable to load dynamic library 'pdo_pgsql' (tried: /usr/lib/php/20220829/pdo_pgsql (/usr/lib/php/20220829/pdo_pgsql: cannot open shared object file: No such file or directory), /usr/lib/php/20220829/pdo_pgsql.so (/usr/lib/php/20220829/pdo_pgsql.so: undefined symbol: pdo_parse_params)) in Unknown on line 0
[30-Jan-2023 18:06:42 UTC] Xdebug: [Step Debug] Could not connect to debugging client. Tried: localhost:9003 (through xdebug.client_host/xdebug.client_port).
[30-Jan-2023 19:06:42 Europe/Paris] PHP Warning:  PHP Startup: Unable to load dynamic library 'pdo_pgsql' (tried: /usr/lib/php/20220829/pdo_pgsql (/usr/lib/php/20220829/pdo_pgsql: cannot open shared object file: No such file or directory), /usr/lib/php/20220829/pdo_pgsql.so (/usr/lib/php/20220829/pdo_pgsql.so: undefined symbol: pdo_parse_params)) in Unknown on line 0
[30-Jan-2023 19:06:43 Europe/Paris] PHP Warning:  PHP Startup: Unable to load dynamic library 'pdo_pgsql' (tried: /usr/lib/php/20220829/pdo_pgsql (/usr/lib/php/20220829/pdo_pgsql: cannot open shared object file: No such file or directory), /usr/lib/php/20220829/pdo_pgsql.so (/usr/lib/php/20220829/pdo_pgsql.so: undefined symbol: pdo_parse_params)) in Unknown on line 0
[30-Jan-2023 18:06:43 UTC] Xdebug: [Step Debug] Could not connect to debugging client. Tried: localhost:9003 (through xdebug.client_host/xdebug.client_port).
[30-Jan-2023 18:06:43 UTC] Xdebug: [Step Debug] Could not connect to debugging client. Tried: localhost:9003 (through xdebug.client_host/xdebug.client_port).
[30-Jan-2023 18:06:43 UTC] Xdebug: [Step Debug] Could not connect to debugging client. Tried: localhost:9003 (through xdebug.client_host/xdebug.client_port).
[30-Jan-2023 19:10:46 Europe/Paris] PHP Warning:  PHP Startup: Unable to load dynamic library 'pdo_pgsql' (tried: /usr/lib/php/20220829/pdo_pgsql (/usr/lib/php/20220829/pdo_pgsql: cannot open shared object file: No such file or directory), /usr/lib/php/20220829/pdo_pgsql.so (/usr/lib/php/20220829/pdo_pgsql.so: undefined symbol: pdo_parse_params)) in Unknown on line 0
[30-Jan-2023 18:10:46 UTC] Xdebug: [Step Debug] Could not connect to debugging client. Tried: localhost:9003 (through xdebug.client_host/xdebug.client_port).
[30-Jan-2023 18:10:46 UTC] Xdebug: [Step Debug] Could not connect to debugging client. Tried: localhost:9003 (through xdebug.client_host/xdebug.client_port).
[30-Jan-2023 18:10:46 UTC] Xdebug: [Step Debug] Could not connect to debugging client. Tried: localhost:9003 (through xdebug.client_host/xdebug.client_port).
[30-Jan-2023 18:10:46 UTC] Xdebug: [Step Debug] Could not connect to debugging client. Tried: localhost:9003 (through xdebug.client_host/xdebug.client_port).
[30-Jan-2023 19:12:48 Europe/Paris] PHP Warning:  PHP Startup: Unable to load dynamic library 'pdo_pgsql' (tried: /usr/lib/php/20220829/pdo_pgsql (/usr/lib/php/20220829/pdo_pgsql: cannot open shared object file: No such file or directory), /usr/lib/php/20220829/pdo_pgsql.so (/usr/lib/php/20220829/pdo_pgsql.so: undefined symbol: pdo_parse_params)) in Unknown on line 0
[30-Jan-2023 18:12:48 UTC] Xdebug: [Step Debug] Could not connect to debugging client. Tried: localhost:9003 (through xdebug.client_host/xdebug.client_port).
[30-Jan-2023 18:12:57 UTC] Xdebug: [Step Debug] Could not connect to debugging client. Tried: localhost:9003 (through xdebug.client_host/xdebug.client_port).
[30-Jan-2023 19:13:03 Europe/Paris] PHP Warning:  PHP Startup: Unable to load dynamic library 'pdo_pgsql' (tried: /usr/lib/php/20220829/pdo_pgsql (/usr/lib/php/20220829/pdo_pgsql: cannot open shared object file: No such file or directory), /usr/lib/php/20220829/pdo_pgsql.so (/usr/lib/php/20220829/pdo_pgsql.so: undefined symbol: pdo_parse_params)) in Unknown on line 0
[30-Jan-2023 18:13:03 UTC] Xdebug: [Step Debug] Could not connect to debugging client. Tried: localhost:9003 (through xdebug.client_host/xdebug.client_port).
[30-Jan-2023 18:13:03 UTC] Xdebug: [Step Debug] Could not connect to debugging client. Tried: localhost:9003 (through xdebug.client_host/xdebug.client_port).
[30-Jan-2023 19:14:15 Europe/Paris] PHP Warning:  PHP Startup: Unable to load dynamic library 'pdo_pgsql' (tried: /usr/lib/php/20220829/pdo_pgsql (/usr/lib/php/20220829/pdo_pgsql: cannot open shared object file: No such file or directory), /usr/lib/php/20220829/pdo_pgsql.so (/usr/lib/php/20220829/pdo_pgsql.so: undefined symbol: pdo_parse_params)) in Unknown on line 0
[30-Jan-2023 18:14:15 UTC] Xdebug: [Step Debug] Could not connect to debugging client. Tried: localhost:9003 (through xdebug.client_host/xdebug.client_port).
[30-Jan-2023 18:14:15 UTC] Xdebug: [Step Debug] Could not connect to debugging client. Tried: localhost:9003 (through xdebug.client_host/xdebug.client_port).
[30-Jan-2023 19:14:35 Europe/Paris] PHP Warning:  PHP Startup: Unable to load dynamic library 'pdo_pgsql' (tried: /usr/lib/php/20220829/pdo_pgsql (/usr/lib/php/20220829/pdo_pgsql: cannot open shared object file: No such file or directory), /usr/lib/php/20220829/pdo_pgsql.so (/usr/lib/php/20220829/pdo_pgsql.so: undefined symbol: pdo_parse_params)) in Unknown on line 0
[30-Jan-2023 18:14:35 UTC] Xdebug: [Step Debug] Could not connect to debugging client. Tried: localhost:9003 (through xdebug.client_host/xdebug.client_port).
[30-Jan-2023 18:14:35 UTC] Xdebug: [Step Debug] Could not connect to debugging client. Tried: localhost:9003 (through xdebug.client_host/xdebug.client_port).
[30-Jan-2023 19:15:02 Europe/Paris] PHP Warning:  PHP Startup: Unable to load dynamic library 'pdo_pgsql' (tried: /usr/lib/php/20220829/pdo_pgsql (/usr/lib/php/20220829/pdo_pgsql: cannot open shared object file: No such file or directory), /usr/lib/php/20220829/pdo_pgsql.so (/usr/lib/php/20220829/pdo_pgsql.so: undefined symbol: pdo_parse_params)) in Unknown on line 0
[30-Jan-2023 18:15:02 UTC] Xdebug: [Step Debug] Could not connect to debugging client. Tried: localhost:9003 (through xdebug.client_host/xdebug.client_port).
[30-Jan-2023 18:15:02 UTC] Xdebug: [Step Debug] Could not connect to debugging client. Tried: localhost:9003 (through xdebug.client_host/xdebug.client_port).
[30-Jan-2023 19:51:33 Europe/Paris] PHP Warning:  PHP Startup: Unable to load dynamic library 'pdo_pgsql' (tried: /usr/lib/php/20220829/pdo_pgsql (/usr/lib/php/20220829/pdo_pgsql: cannot open shared object file: No such file or directory), /usr/lib/php/20220829/pdo_pgsql.so (/usr/lib/php/20220829/pdo_pgsql.so: undefined symbol: pdo_parse_params)) in Unknown on line 0
[30-Jan-2023 18:51:33 UTC] Xdebug: [Step Debug] Could not connect to debugging client. Tried: localhost:9003 (through xdebug.client_host/xdebug.client_port).
[30-Jan-2023 19:12:31 UTC] Xdebug: [Step Debug] Could not connect to debugging client. Tried: localhost:9003 (through xdebug.client_host/xdebug.client_port).
[30-Jan-2023 19:12:31 UTC] Xdebug: [Step Debug] Could not connect to debugging client. Tried: localhost:9003 (through xdebug.client_host/xdebug.client_port).
[30-Jan-2023 20:12:58 Europe/Paris] PHP Warning:  PHP Startup: Unable to load dynamic library 'pdo_pgsql' (tried: /usr/lib/php/20220829/pdo_pgsql (/usr/lib/php/20220829/pdo_pgsql: cannot open shared object file: No such file or directory), /usr/lib/php/20220829/pdo_pgsql.so (/usr/lib/php/20220829/pdo_pgsql.so: undefined symbol: pdo_parse_params)) in Unknown on line 0
[30-Jan-2023 19:12:58 UTC] Xdebug: [Step Debug] Could not connect to debugging client. Tried: localhost:9003 (through xdebug.client_host/xdebug.client_port).
[30-Jan-2023 19:12:58 UTC] Xdebug: [Step Debug] Could not connect to debugging client. Tried: localhost:9003 (through xdebug.client_host/xdebug.client_port).
[30-Jan-2023 20:16:28 Europe/Paris] PHP Warning:  PHP Startup: Unable to load dynamic library 'pdo_pgsql' (tried: /usr/lib/php/20220829/pdo_pgsql (/usr/lib/php/20220829/pdo_pgsql: cannot open shared object file: No such file or directory), /usr/lib/php/20220829/pdo_pgsql.so (/usr/lib/php/20220829/pdo_pgsql.so: undefined symbol: pdo_parse_params)) in Unknown on line 0
[30-Jan-2023 19:16:28 UTC] Xdebug: [Step Debug] Could not connect to debugging client. Tried: localhost:9003 (through xdebug.client_host/xdebug.client_port).
[30-Jan-2023 19:19:16 UTC] Xdebug: [Step Debug] Could not connect to debugging client. Tried: localhost:9003 (through xdebug.client_host/xdebug.client_port).
[30-Jan-2023 19:19:16 UTC] Xdebug: [Step Debug] Could not connect to debugging client. Tried: localhost:9003 (through xdebug.client_host/xdebug.client_port).
[30-Jan-2023 20:19:18 Europe/Paris] PHP Warning:  PHP Startup: Unable to load dynamic library 'pdo_pgsql' (tried: /usr/lib/php/20220829/pdo_pgsql (/usr/lib/php/20220829/pdo_pgsql: cannot open shared object file: No such file or directory), /usr/lib/php/20220829/pdo_pgsql.so (/usr/lib/php/20220829/pdo_pgsql.so: undefined symbol: pdo_parse_params)) in Unknown on line 0
[30-Jan-2023 19:19:18 UTC] Xdebug: [Step Debug] Could not connect to debugging client. Tried: localhost:9003 (through xdebug.client_host/xdebug.client_port).
[30-Jan-2023 19:19:18 UTC] Xdebug: [Step Debug] Could not connect to debugging client. Tried: localhost:9003 (through xdebug.client_host/xdebug.client_port).
[30-Jan-2023 20:19:21 Europe/Paris] PHP Warning:  PHP Startup: Unable to load dynamic library 'pdo_pgsql' (tried: /usr/lib/php/20220829/pdo_pgsql (/usr/lib/php/20220829/pdo_pgsql: cannot open shared object file: No such file or directory), /usr/lib/php/20220829/pdo_pgsql.so (/usr/lib/php/20220829/pdo_pgsql.so: undefined symbol: pdo_parse_params)) in Unknown on line 0
[30-Jan-2023 19:19:22 UTC] Xdebug: [Step Debug] Could not connect to debugging client. Tried: localhost:9003 (through xdebug.client_host/xdebug.client_port).
[30-Jan-2023 20:34:20 Europe/Paris] PHP Warning:  PHP Startup: Unable to load dynamic library 'pdo_pgsql' (tried: /usr/lib/php/20220829/pdo_pgsql (/usr/lib/php/20220829/pdo_pgsql: cannot open shared object file: No such file or directory), /usr/lib/php/20220829/pdo_pgsql.so (/usr/lib/php/20220829/pdo_pgsql.so: undefined symbol: pdo_parse_params)) in Unknown on line 0
[30-Jan-2023 19:34:20 UTC] Xdebug: [Step Debug] Could not connect to debugging client. Tried: localhost:9003 (through xdebug.client_host/xdebug.client_port).
[31-Jan-2023 22:22:00 Europe/Paris] PHP Warning:  PHP Startup: Unable to load dynamic library 'pdo_pgsql' (tried: /usr/lib/php/20220829/pdo_pgsql (/usr/lib/php/20220829/pdo_pgsql: cannot open shared object file: No such file or directory), /usr/lib/php/20220829/pdo_pgsql.so (/usr/lib/php/20220829/pdo_pgsql.so: undefined symbol: pdo_parse_params)) in Unknown on line 0
[31-Jan-2023 21:22:00 UTC] Xdebug: [Step Debug] Could not connect to debugging client. Tried: localhost:9003 (through xdebug.client_host/xdebug.client_port).
[02-Feb-2023 17:12:00 Europe/Paris] PHP Warning:  PHP Startup: Unable to load dynamic library 'pdo_pgsql' (tried: /usr/lib/php/20220829/pdo_pgsql (/usr/lib/php/20220829/pdo_pgsql: cannot open shared object file: No such file or directory), /usr/lib/php/20220829/pdo_pgsql.so (/usr/lib/php/20220829/pdo_pgsql.so: undefined symbol: pdo_parse_params)) in Unknown on line 0
[02-Feb-2023 16:12:00 UTC] Xdebug: [Step Debug] Could not connect to debugging client. Tried: localhost:9003 (through xdebug.client_host/xdebug.client_port).
[03-Feb-2023 16:47:13 Europe/Paris] PHP Warning:  PHP Startup: Unable to load dynamic library 'pdo_pgsql' (tried: /usr/lib/php/20220829/pdo_pgsql (/usr/lib/php/20220829/pdo_pgsql: cannot open shared object file: No such file or directory), /usr/lib/php/20220829/pdo_pgsql.so (/usr/lib/php/20220829/pdo_pgsql.so: undefined symbol: pdo_parse_params)) in Unknown on line 0
[03-Feb-2023 15:47:13 UTC] Xdebug: [Step Debug] Could not connect to debugging client. Tried: localhost:9003 (through xdebug.client_host/xdebug.client_port).
[03-Feb-2023 17:06:59 Europe/Paris] PHP Warning:  PHP Startup: Unable to load dynamic library 'pdo_pgsql' (tried: /usr/lib/php/20220829/pdo_pgsql (/usr/lib/php/20220829/pdo_pgsql: cannot open shared object file: No such file or directory), /usr/lib/php/20220829/pdo_pgsql.so (/usr/lib/php/20220829/pdo_pgsql.so: undefined symbol: pdo_parse_params)) in Unknown on line 0
[03-Feb-2023 16:06:59 UTC] Xdebug: [Step Debug] Could not connect to debugging client. Tried: localhost:9003 (through xdebug.client_host/xdebug.client_port).
[03-Feb-2023 17:06:59 Europe/Paris] PHP Warning:  PHP Startup: Unable to load dynamic library 'pdo_pgsql' (tried: /usr/lib/php/20220829/pdo_pgsql (/usr/lib/php/20220829/pdo_pgsql: cannot open shared object file: No such file or directory), /usr/lib/php/20220829/pdo_pgsql.so (/usr/lib/php/20220829/pdo_pgsql.so: undefined symbol: pdo_parse_params)) in Unknown on line 0
[03-Feb-2023 17:07:03 Europe/Paris] PHP Warning:  PHP Startup: Unable to load dynamic library 'pdo_pgsql' (tried: /usr/lib/php/20220829/pdo_pgsql (/usr/lib/php/20220829/pdo_pgsql: cannot open shared object file: No such file or directory), /usr/lib/php/20220829/pdo_pgsql.so (/usr/lib/php/20220829/pdo_pgsql.so: undefined symbol: pdo_parse_params)) in Unknown on line 0
[03-Feb-2023 16:07:03 UTC] Xdebug: [Step Debug] Could not connect to debugging client. Tried: localhost:9003 (through xdebug.client_host/xdebug.client_port).
[03-Feb-2023 16:07:04 UTC] Xdebug: [Step Debug] Could not connect to debugging client. Tried: localhost:9003 (through xdebug.client_host/xdebug.client_port).
[03-Feb-2023 17:07:04 Europe/Paris] PHP Warning:  PHP Startup: Unable to load dynamic library 'pdo_pgsql' (tried: /usr/lib/php/20220829/pdo_pgsql (/usr/lib/php/20220829/pdo_pgsql: cannot open shared object file: No such file or directory), /usr/lib/php/20220829/pdo_pgsql.so (/usr/lib/php/20220829/pdo_pgsql.so: undefined symbol: pdo_parse_params)) in Unknown on line 0
[03-Feb-2023 16:07:04 UTC] Xdebug: [Step Debug] Could not connect to debugging client. Tried: localhost:9003 (through xdebug.client_host/xdebug.client_port).
[03-Feb-2023 16:07:04 UTC] Xdebug: [Step Debug] Could not connect to debugging client. Tried: localhost:9003 (through xdebug.client_host/xdebug.client_port).
[03-Feb-2023 17:48:41 Europe/Paris] PHP Warning:  PHP Startup: Unable to load dynamic library 'pdo_pgsql' (tried: /usr/lib/php/20220829/pdo_pgsql (/usr/lib/php/20220829/pdo_pgsql: cannot open shared object file: No such file or directory), /usr/lib/php/20220829/pdo_pgsql.so (/usr/lib/php/20220829/pdo_pgsql.so: undefined symbol: pdo_parse_params)) in Unknown on line 0
[03-Feb-2023 16:48:41 UTC] Xdebug: [Step Debug] Could not connect to debugging client. Tried: localhost:9003 (through xdebug.client_host/xdebug.client_port).
[03-Feb-2023 16:48:41 UTC] Xdebug: [Step Debug] Could not connect to debugging client. Tried: localhost:9003 (through xdebug.client_host/xdebug.client_port).
[03-Feb-2023 16:48:41 UTC] Xdebug: [Step Debug] Could not connect to debugging client. Tried: localhost:9003 (through xdebug.client_host/xdebug.client_port).
[03-Feb-2023 17:49:02 Europe/Paris] PHP Warning:  PHP Startup: Unable to load dynamic library 'pdo_pgsql' (tried: /usr/lib/php/20220829/pdo_pgsql (/usr/lib/php/20220829/pdo_pgsql: cannot open shared object file: No such file or directory), /usr/lib/php/20220829/pdo_pgsql.so (/usr/lib/php/20220829/pdo_pgsql.so: undefined symbol: pdo_parse_params)) in Unknown on line 0
[03-Feb-2023 16:49:02 UTC] Xdebug: [Step Debug] Could not connect to debugging client. Tried: localhost:9003 (through xdebug.client_host/xdebug.client_port).
[03-Feb-2023 16:49:02 UTC] Xdebug: [Step Debug] Could not connect to debugging client. Tried: localhost:9003 (through xdebug.client_host/xdebug.client_port).
[03-Feb-2023 18:01:43 Europe/Paris] PHP Warning:  PHP Startup: Unable to load dynamic library 'pdo_pgsql' (tried: /usr/lib/php/20220829/pdo_pgsql (/usr/lib/php/20220829/pdo_pgsql: cannot open shared object file: No such file or directory), /usr/lib/php/20220829/pdo_pgsql.so (/usr/lib/php/20220829/pdo_pgsql.so: undefined symbol: pdo_parse_params)) in Unknown on line 0
[03-Feb-2023 17:01:43 UTC] Xdebug: [Step Debug] Could not connect to debugging client. Tried: localhost:9003 (through xdebug.client_host/xdebug.client_port).
[03-Feb-2023 17:01:44 UTC] Xdebug: [Step Debug] Could not connect to debugging client. Tried: localhost:9003 (through xdebug.client_host/xdebug.client_port).
[03-Feb-2023 18:09:32 Europe/Paris] PHP Warning:  PHP Startup: Unable to load dynamic library 'pdo_pgsql' (tried: /usr/lib/php/20220829/pdo_pgsql (/usr/lib/php/20220829/pdo_pgsql: cannot open shared object file: No such file or directory), /usr/lib/php/20220829/pdo_pgsql.so (/usr/lib/php/20220829/pdo_pgsql.so: undefined symbol: pdo_parse_params)) in Unknown on line 0
[03-Feb-2023 17:09:32 UTC] Xdebug: [Step Debug] Could not connect to debugging client. Tried: localhost:9003 (through xdebug.client_host/xdebug.client_port).
[03-Feb-2023 17:09:32 UTC] Xdebug: [Step Debug] Could not connect to debugging client. Tried: localhost:9003 (through xdebug.client_host/xdebug.client_port).
[03-Feb-2023 18:09:55 Europe/Paris] PHP Warning:  PHP Startup: Unable to load dynamic library 'pdo_pgsql' (tried: /usr/lib/php/20220829/pdo_pgsql (/usr/lib/php/20220829/pdo_pgsql: cannot open shared object file: No such file or directory), /usr/lib/php/20220829/pdo_pgsql.so (/usr/lib/php/20220829/pdo_pgsql.so: undefined symbol: pdo_parse_params)) in Unknown on line 0
[03-Feb-2023 17:09:55 UTC] Xdebug: [Step Debug] Could not connect to debugging client. Tried: localhost:9003 (through xdebug.client_host/xdebug.client_port).
[03-Feb-2023 17:09:55 UTC] Xdebug: [Step Debug] Could not connect to debugging client. Tried: localhost:9003 (through xdebug.client_host/xdebug.client_port).
[03-Feb-2023 18:15:15 Europe/Paris] PHP Warning:  PHP Startup: Unable to load dynamic library 'pdo_pgsql' (tried: /usr/lib/php/20220829/pdo_pgsql (/usr/lib/php/20220829/pdo_pgsql: cannot open shared object file: No such file or directory), /usr/lib/php/20220829/pdo_pgsql.so (/usr/lib/php/20220829/pdo_pgsql.so: undefined symbol: pdo_parse_params)) in Unknown on line 0
[03-Feb-2023 17:15:15 UTC] Xdebug: [Step Debug] Could not connect to debugging client. Tried: localhost:9003 (through xdebug.client_host/xdebug.client_port).
[03-Feb-2023 17:15:16 UTC] Xdebug: [Step Debug] Could not connect to debugging client. Tried: localhost:9003 (through xdebug.client_host/xdebug.client_port).
[03-Feb-2023 18:16:24 Europe/Paris] PHP Warning:  PHP Startup: Unable to load dynamic library 'pdo_pgsql' (tried: /usr/lib/php/20220829/pdo_pgsql (/usr/lib/php/20220829/pdo_pgsql: cannot open shared object file: No such file or directory), /usr/lib/php/20220829/pdo_pgsql.so (/usr/lib/php/20220829/pdo_pgsql.so: undefined symbol: pdo_parse_params)) in Unknown on line 0
[03-Feb-2023 17:16:24 UTC] Xdebug: [Step Debug] Could not connect to debugging client. Tried: localhost:9003 (through xdebug.client_host/xdebug.client_port).
[03-Feb-2023 17:16:24 UTC] Xdebug: [Step Debug] Could not connect to debugging client. Tried: localhost:9003 (through xdebug.client_host/xdebug.client_port).
[06-Feb-2023 19:13:56 Europe/Paris] PHP Warning:  PHP Startup: Unable to load dynamic library 'pdo_pgsql' (tried: /usr/lib/php/20220829/pdo_pgsql (/usr/lib/php/20220829/pdo_pgsql: cannot open shared object file: No such file or directory), /usr/lib/php/20220829/pdo_pgsql.so (/usr/lib/php/20220829/pdo_pgsql.so: undefined symbol: pdo_parse_params)) in Unknown on line 0
[06-Feb-2023 18:13:56 UTC] Xdebug: [Step Debug] Could not connect to debugging client. Tried: localhost:9003 (through xdebug.client_host/xdebug.client_port).
[07-Feb-2023 20:48:32 Europe/Paris] PHP Warning:  PHP Startup: Unable to load dynamic library 'pdo_pgsql' (tried: /usr/lib/php/20220829/pdo_pgsql (/usr/lib/php/20220829/pdo_pgsql: cannot open shared object file: No such file or directory), /usr/lib/php/20220829/pdo_pgsql.so (/usr/lib/php/20220829/pdo_pgsql.so: undefined symbol: pdo_parse_params)) in Unknown on line 0
[07-Feb-2023 19:48:32 UTC] Xdebug: [Step Debug] Could not connect to debugging client. Tried: localhost:9003 (through xdebug.client_host/xdebug.client_port).
[07-Feb-2023 21:16:07 Europe/Paris] PHP Warning:  PHP Startup: Unable to load dynamic library 'pdo_pgsql' (tried: /usr/lib/php/20220829/pdo_pgsql (/usr/lib/php/20220829/pdo_pgsql: cannot open shared object file: No such file or directory), /usr/lib/php/20220829/pdo_pgsql.so (/usr/lib/php/20220829/pdo_pgsql.so: undefined symbol: pdo_parse_params)) in Unknown on line 0
[07-Feb-2023 20:16:07 UTC] Xdebug: [Step Debug] Could not connect to debugging client. Tried: localhost:9003 (through xdebug.client_host/xdebug.client_port).
[07-Feb-2023 21:44:22 Europe/Paris] PHP Warning:  PHP Startup: Unable to load dynamic library 'pdo_pgsql' (tried: /usr/lib/php/20220829/pdo_pgsql (/usr/lib/php/20220829/pdo_pgsql: cannot open shared object file: No such file or directory), /usr/lib/php/20220829/pdo_pgsql.so (/usr/lib/php/20220829/pdo_pgsql.so: undefined symbol: pdo_parse_params)) in Unknown on line 0
[07-Feb-2023 20:44:22 UTC] Xdebug: [Step Debug] Could not connect to debugging client. Tried: localhost:9003 (through xdebug.client_host/xdebug.client_port).
[09-Feb-2023 16:44:06 Europe/Paris] PHP Warning:  PHP Startup: Unable to load dynamic library 'pdo_pgsql' (tried: /usr/lib/php/20220829/pdo_pgsql (/usr/lib/php/20220829/pdo_pgsql: cannot open shared object file: No such file or directory), /usr/lib/php/20220829/pdo_pgsql.so (/usr/lib/php/20220829/pdo_pgsql.so: undefined symbol: pdo_parse_params)) in Unknown on line 0
[09-Feb-2023 15:44:06 UTC] Xdebug: [Step Debug] Could not connect to debugging client. Tried: localhost:9003 (through xdebug.client_host/xdebug.client_port).
[09-Feb-2023 16:59:59 Europe/Paris] PHP Warning:  PHP Startup: Unable to load dynamic library 'pdo_pgsql' (tried: /usr/lib/php/20220829/pdo_pgsql (/usr/lib/php/20220829/pdo_pgsql: cannot open shared object file: No such file or directory), /usr/lib/php/20220829/pdo_pgsql.so (/usr/lib/php/20220829/pdo_pgsql.so: undefined symbol: pdo_parse_params)) in Unknown on line 0
[09-Feb-2023 15:59:59 UTC] Xdebug: [Step Debug] Could not connect to debugging client. Tried: localhost:9003 (through xdebug.client_host/xdebug.client_port).
[09-Feb-2023 17:02:06 Europe/Paris] PHP Warning:  PHP Startup: Unable to load dynamic library 'pdo_pgsql' (tried: /usr/lib/php/20220829/pdo_pgsql (/usr/lib/php/20220829/pdo_pgsql: cannot open shared object file: No such file or directory), /usr/lib/php/20220829/pdo_pgsql.so (/usr/lib/php/20220829/pdo_pgsql.so: undefined symbol: pdo_parse_params)) in Unknown on line 0
[09-Feb-2023 16:02:06 UTC] Xdebug: [Step Debug] Could not connect to debugging client. Tried: localhost:9003 (through xdebug.client_host/xdebug.client_port).
[09-Feb-2023 17:04:03 Europe/Paris] PHP Warning:  PHP Startup: Unable to load dynamic library 'pdo_pgsql' (tried: /usr/lib/php/20220829/pdo_pgsql (/usr/lib/php/20220829/pdo_pgsql: cannot open shared object file: No such file or directory), /usr/lib/php/20220829/pdo_pgsql.so (/usr/lib/php/20220829/pdo_pgsql.so: undefined symbol: pdo_parse_params)) in Unknown on line 0
[09-Feb-2023 16:04:03 UTC] Xdebug: [Step Debug] Could not connect to debugging client. Tried: localhost:9003 (through xdebug.client_host/xdebug.client_port).
[09-Feb-2023 17:09:25 Europe/Paris] PHP Warning:  PHP Startup: Unable to load dynamic library 'pdo_pgsql' (tried: /usr/lib/php/20220829/pdo_pgsql (/usr/lib/php/20220829/pdo_pgsql: cannot open shared object file: No such file or directory), /usr/lib/php/20220829/pdo_pgsql.so (/usr/lib/php/20220829/pdo_pgsql.so: undefined symbol: pdo_parse_params)) in Unknown on line 0
[09-Feb-2023 16:09:25 UTC] Xdebug: [Step Debug] Could not connect to debugging client. Tried: localhost:9003 (through xdebug.client_host/xdebug.client_port).
[09-Feb-2023 17:10:47 Europe/Paris] PHP Warning:  PHP Startup: Unable to load dynamic library 'pdo_pgsql' (tried: /usr/lib/php/20220829/pdo_pgsql (/usr/lib/php/20220829/pdo_pgsql: cannot open shared object file: No such file or directory), /usr/lib/php/20220829/pdo_pgsql.so (/usr/lib/php/20220829/pdo_pgsql.so: undefined symbol: pdo_parse_params)) in Unknown on line 0
[09-Feb-2023 16:10:47 UTC] Xdebug: [Step Debug] Could not connect to debugging client. Tried: localhost:9003 (through xdebug.client_host/xdebug.client_port).
[09-Feb-2023 16:10:48 UTC] Xdebug: [Step Debug] Could not connect to debugging client. Tried: localhost:9003 (through xdebug.client_host/xdebug.client_port).
[09-Feb-2023 16:10:48 UTC] Xdebug: [Step Debug] Could not connect to debugging client. Tried: localhost:9003 (through xdebug.client_host/xdebug.client_port).
[09-Feb-2023 16:10:48 UTC] Xdebug: [Step Debug] Could not connect to debugging client. Tried: localhost:9003 (through xdebug.client_host/xdebug.client_port).
[09-Feb-2023 17:15:46 Europe/Paris] PHP Warning:  PHP Startup: Unable to load dynamic library 'pdo_pgsql' (tried: /usr/lib/php/20220829/pdo_pgsql (/usr/lib/php/20220829/pdo_pgsql: cannot open shared object file: No such file or directory), /usr/lib/php/20220829/pdo_pgsql.so (/usr/lib/php/20220829/pdo_pgsql.so: undefined symbol: pdo_parse_params)) in Unknown on line 0
[09-Feb-2023 16:15:46 UTC] Xdebug: [Step Debug] Could not connect to debugging client. Tried: localhost:9003 (through xdebug.client_host/xdebug.client_port).
[09-Feb-2023 17:33:18 Europe/Paris] PHP Warning:  PHP Startup: Unable to load dynamic library 'pdo_pgsql' (tried: /usr/lib/php/20220829/pdo_pgsql (/usr/lib/php/20220829/pdo_pgsql: cannot open shared object file: No such file or directory), /usr/lib/php/20220829/pdo_pgsql.so (/usr/lib/php/20220829/pdo_pgsql.so: undefined symbol: pdo_parse_params)) in Unknown on line 0
[09-Feb-2023 16:33:18 UTC] Xdebug: [Step Debug] Could not connect to debugging client. Tried: localhost:9003 (through xdebug.client_host/xdebug.client_port).
[09-Feb-2023 18:37:24 Europe/Paris] PHP Warning:  PHP Startup: Unable to load dynamic library 'pdo_pgsql' (tried: /usr/lib/php/20220829/pdo_pgsql (/usr/lib/php/20220829/pdo_pgsql: cannot open shared object file: No such file or directory), /usr/lib/php/20220829/pdo_pgsql.so (/usr/lib/php/20220829/pdo_pgsql.so: undefined symbol: pdo_parse_params)) in Unknown on line 0
[09-Feb-2023 17:37:24 UTC] Xdebug: [Step Debug] Could not connect to debugging client. Tried: localhost:9003 (through xdebug.client_host/xdebug.client_port).
[10-Feb-2023 18:25:59 Europe/Paris] PHP Warning:  PHP Startup: Unable to load dynamic library 'pdo_pgsql' (tried: /usr/lib/php/20220829/pdo_pgsql (/usr/lib/php/20220829/pdo_pgsql: cannot open shared object file: No such file or directory), /usr/lib/php/20220829/pdo_pgsql.so (/usr/lib/php/20220829/pdo_pgsql.so: undefined symbol: pdo_parse_params)) in Unknown on line 0
[10-Feb-2023 17:25:59 UTC] Xdebug: [Step Debug] Could not connect to debugging client. Tried: localhost:9003 (through xdebug.client_host/xdebug.client_port).
[10-Feb-2023 19:07:11 Europe/Paris] PHP Warning:  PHP Startup: Unable to load dynamic library 'pdo_pgsql' (tried: /usr/lib/php/20220829/pdo_pgsql (/usr/lib/php/20220829/pdo_pgsql: cannot open shared object file: No such file or directory), /usr/lib/php/20220829/pdo_pgsql.so (/usr/lib/php/20220829/pdo_pgsql.so: undefined symbol: pdo_parse_params)) in Unknown on line 0
[10-Feb-2023 18:07:11 UTC] Xdebug: [Step Debug] Could not connect to debugging client. Tried: localhost:9003 (through xdebug.client_host/xdebug.client_port).
[10-Feb-2023 19:14:33 Europe/Paris] PHP Warning:  PHP Startup: Unable to load dynamic library 'pdo_pgsql' (tried: /usr/lib/php/20220829/pdo_pgsql (/usr/lib/php/20220829/pdo_pgsql: cannot open shared object file: No such file or directory), /usr/lib/php/20220829/pdo_pgsql.so (/usr/lib/php/20220829/pdo_pgsql.so: undefined symbol: pdo_parse_params)) in Unknown on line 0
[10-Feb-2023 18:14:33 UTC] Xdebug: [Step Debug] Could not connect to debugging client. Tried: localhost:9003 (through xdebug.client_host/xdebug.client_port).
[10-Feb-2023 20:00:10 Europe/Paris] PHP Warning:  PHP Startup: Unable to load dynamic library 'pdo_pgsql' (tried: /usr/lib/php/20220829/pdo_pgsql (/usr/lib/php/20220829/pdo_pgsql: cannot open shared object file: No such file or directory), /usr/lib/php/20220829/pdo_pgsql.so (/usr/lib/php/20220829/pdo_pgsql.so: undefined symbol: pdo_parse_params)) in Unknown on line 0
[10-Feb-2023 19:00:10 UTC] Xdebug: [Step Debug] Could not connect to debugging client. Tried: localhost:9003 (through xdebug.client_host/xdebug.client_port).
[10-Feb-2023 19:00:10 UTC] Xdebug: [Step Debug] Could not connect to debugging client. Tried: localhost:9003 (through xdebug.client_host/xdebug.client_port).
[10-Feb-2023 20:00:45 Europe/Paris] PHP Warning:  PHP Startup: Unable to load dynamic library 'pdo_pgsql' (tried: /usr/lib/php/20220829/pdo_pgsql (/usr/lib/php/20220829/pdo_pgsql: cannot open shared object file: No such file or directory), /usr/lib/php/20220829/pdo_pgsql.so (/usr/lib/php/20220829/pdo_pgsql.so: undefined symbol: pdo_parse_params)) in Unknown on line 0
[10-Feb-2023 19:00:45 UTC] Xdebug: [Step Debug] Could not connect to debugging client. Tried: localhost:9003 (through xdebug.client_host/xdebug.client_port).
[10-Feb-2023 19:00:45 UTC] Xdebug: [Step Debug] Could not connect to debugging client. Tried: localhost:9003 (through xdebug.client_host/xdebug.client_port).
[10-Feb-2023 19:00:45 UTC] Xdebug: [Step Debug] Could not connect to debugging client. Tried: localhost:9003 (through xdebug.client_host/xdebug.client_port).
[10-Feb-2023 20:00:57 Europe/Paris] PHP Warning:  PHP Startup: Unable to load dynamic library 'pdo_pgsql' (tried: /usr/lib/php/20220829/pdo_pgsql (/usr/lib/php/20220829/pdo_pgsql: cannot open shared object file: No such file or directory), /usr/lib/php/20220829/pdo_pgsql.so (/usr/lib/php/20220829/pdo_pgsql.so: undefined symbol: pdo_parse_params)) in Unknown on line 0
[10-Feb-2023 19:00:57 UTC] Xdebug: [Step Debug] Could not connect to debugging client. Tried: localhost:9003 (through xdebug.client_host/xdebug.client_port).
[10-Feb-2023 19:00:57 UTC] Xdebug: [Step Debug] Could not connect to debugging client. Tried: localhost:9003 (through xdebug.client_host/xdebug.client_port).
[10-Feb-2023 20:58:30 Europe/Paris] PHP Warning:  PHP Startup: Unable to load dynamic library 'pdo_pgsql' (tried: /usr/lib/php/20220829/pdo_pgsql (/usr/lib/php/20220829/pdo_pgsql: cannot open shared object file: No such file or directory), /usr/lib/php/20220829/pdo_pgsql.so (/usr/lib/php/20220829/pdo_pgsql.so: undefined symbol: pdo_parse_params)) in Unknown on line 0
[10-Feb-2023 19:58:30 UTC] Xdebug: [Step Debug] Could not connect to debugging client. Tried: localhost:9003 (through xdebug.client_host/xdebug.client_port).
[10-Feb-2023 19:59:14 UTC] Xdebug: [Step Debug] Could not connect to debugging client. Tried: localhost:9003 (through xdebug.client_host/xdebug.client_port).
[10-Feb-2023 19:59:14 UTC] Xdebug: [Step Debug] Could not connect to debugging client. Tried: localhost:9003 (through xdebug.client_host/xdebug.client_port).
[13-Feb-2023 18:26:35 Europe/Paris] PHP Warning:  PHP Startup: Unable to load dynamic library 'pdo_pgsql' (tried: /usr/lib/php/20220829/pdo_pgsql (/usr/lib/php/20220829/pdo_pgsql: cannot open shared object file: No such file or directory), /usr/lib/php/20220829/pdo_pgsql.so (/usr/lib/php/20220829/pdo_pgsql.so: undefined symbol: pdo_parse_params)) in Unknown on line 0
[13-Feb-2023 17:26:35 UTC] Xdebug: [Step Debug] Could not connect to debugging client. Tried: localhost:9003 (through xdebug.client_host/xdebug.client_port).
[13-Feb-2023 20:22:24 Europe/Paris] PHP Warning:  PHP Startup: Unable to load dynamic library 'pdo_pgsql' (tried: /usr/lib/php/20220829/pdo_pgsql (/usr/lib/php/20220829/pdo_pgsql: cannot open shared object file: No such file or directory), /usr/lib/php/20220829/pdo_pgsql.so (/usr/lib/php/20220829/pdo_pgsql.so: undefined symbol: pdo_parse_params)) in Unknown on line 0
[13-Feb-2023 19:22:24 UTC] Xdebug: [Step Debug] Could not connect to debugging client. Tried: localhost:9003 (through xdebug.client_host/xdebug.client_port).
[13-Feb-2023 19:22:24 UTC] Xdebug: [Step Debug] Could not connect to debugging client. Tried: localhost:9003 (through xdebug.client_host/xdebug.client_port).
[13-Feb-2023 19:22:24 UTC] Xdebug: [Step Debug] Could not connect to debugging client. Tried: localhost:9003 (through xdebug.client_host/xdebug.client_port).
[13-Feb-2023 20:22:30 Europe/Paris] PHP Warning:  PHP Startup: Unable to load dynamic library 'pdo_pgsql' (tried: /usr/lib/php/20220829/pdo_pgsql (/usr/lib/php/20220829/pdo_pgsql: cannot open shared object file: No such file or directory), /usr/lib/php/20220829/pdo_pgsql.so (/usr/lib/php/20220829/pdo_pgsql.so: undefined symbol: pdo_parse_params)) in Unknown on line 0
[13-Feb-2023 19:22:30 UTC] Xdebug: [Step Debug] Could not connect to debugging client. Tried: localhost:9003 (through xdebug.client_host/xdebug.client_port).
[13-Feb-2023 19:22:30 UTC] Xdebug: [Step Debug] Could not connect to debugging client. Tried: localhost:9003 (through xdebug.client_host/xdebug.client_port).
[13-Feb-2023 19:22:30 UTC] Xdebug: [Step Debug] Could not connect to debugging client. Tried: localhost:9003 (through xdebug.client_host/xdebug.client_port).
[13-Feb-2023 19:22:30 UTC] Xdebug: [Step Debug] Could not connect to debugging client. Tried: localhost:9003 (through xdebug.client_host/xdebug.client_port).
[13-Feb-2023 20:28:02 Europe/Paris] PHP Warning:  PHP Startup: Unable to load dynamic library 'pdo_pgsql' (tried: /usr/lib/php/20220829/pdo_pgsql (/usr/lib/php/20220829/pdo_pgsql: cannot open shared object file: No such file or directory), /usr/lib/php/20220829/pdo_pgsql.so (/usr/lib/php/20220829/pdo_pgsql.so: undefined symbol: pdo_parse_params)) in Unknown on line 0
[13-Feb-2023 19:28:02 UTC] Xdebug: [Step Debug] Could not connect to debugging client. Tried: localhost:9003 (through xdebug.client_host/xdebug.client_port).
[13-Feb-2023 19:28:03 UTC] Xdebug: [Step Debug] Could not connect to debugging client. Tried: localhost:9003 (through xdebug.client_host/xdebug.client_port).
[13-Feb-2023 19:28:03 UTC] Xdebug: [Step Debug] Could not connect to debugging client. Tried: localhost:9003 (through xdebug.client_host/xdebug.client_port).
[13-Feb-2023 19:28:03 UTC] Xdebug: [Step Debug] Could not connect to debugging client. Tried: localhost:9003 (through xdebug.client_host/xdebug.client_port).
[13-Feb-2023 20:28:44 Europe/Paris] PHP Warning:  PHP Startup: Unable to load dynamic library 'pdo_pgsql' (tried: /usr/lib/php/20220829/pdo_pgsql (/usr/lib/php/20220829/pdo_pgsql: cannot open shared object file: No such file or directory), /usr/lib/php/20220829/pdo_pgsql.so (/usr/lib/php/20220829/pdo_pgsql.so: undefined symbol: pdo_parse_params)) in Unknown on line 0
[13-Feb-2023 19:28:44 UTC] Xdebug: [Step Debug] Could not connect to debugging client. Tried: localhost:9003 (through xdebug.client_host/xdebug.client_port).
[13-Feb-2023 20:28:44 Europe/Paris] PHP Warning:  PHP Startup: Unable to load dynamic library 'pdo_pgsql' (tried: /usr/lib/php/20220829/pdo_pgsql (/usr/lib/php/20220829/pdo_pgsql: cannot open shared object file: No such file or directory), /usr/lib/php/20220829/pdo_pgsql.so (/usr/lib/php/20220829/pdo_pgsql.so: undefined symbol: pdo_parse_params)) in Unknown on line 0
[13-Feb-2023 20:29:07 Europe/Paris] PHP Warning:  PHP Startup: Unable to load dynamic library 'pdo_pgsql' (tried: /usr/lib/php/20220829/pdo_pgsql (/usr/lib/php/20220829/pdo_pgsql: cannot open shared object file: No such file or directory), /usr/lib/php/20220829/pdo_pgsql.so (/usr/lib/php/20220829/pdo_pgsql.so: undefined symbol: pdo_parse_params)) in Unknown on line 0
[13-Feb-2023 19:29:07 UTC] Xdebug: [Step Debug] Could not connect to debugging client. Tried: localhost:9003 (through xdebug.client_host/xdebug.client_port).
[13-Feb-2023 20:29:07 Europe/Paris] PHP Warning:  PHP Startup: Unable to load dynamic library 'pdo_pgsql' (tried: /usr/lib/php/20220829/pdo_pgsql (/usr/lib/php/20220829/pdo_pgsql: cannot open shared object file: No such file or directory), /usr/lib/php/20220829/pdo_pgsql.so (/usr/lib/php/20220829/pdo_pgsql.so: undefined symbol: pdo_parse_params)) in Unknown on line 0
[13-Feb-2023 20:29:14 Europe/Paris] PHP Warning:  PHP Startup: Unable to load dynamic library 'pdo_pgsql' (tried: /usr/lib/php/20220829/pdo_pgsql (/usr/lib/php/20220829/pdo_pgsql: cannot open shared object file: No such file or directory), /usr/lib/php/20220829/pdo_pgsql.so (/usr/lib/php/20220829/pdo_pgsql.so: undefined symbol: pdo_parse_params)) in Unknown on line 0
[13-Feb-2023 19:29:14 UTC] Xdebug: [Step Debug] Could not connect to debugging client. Tried: localhost:9003 (through xdebug.client_host/xdebug.client_port).
[13-Feb-2023 19:29:14 UTC] Xdebug: [Step Debug] Could not connect to debugging client. Tried: localhost:9003 (through xdebug.client_host/xdebug.client_port).
[13-Feb-2023 20:29:14 Europe/Paris] PHP Warning:  PHP Startup: Unable to load dynamic library 'pdo_pgsql' (tried: /usr/lib/php/20220829/pdo_pgsql (/usr/lib/php/20220829/pdo_pgsql: cannot open shared object file: No such file or directory), /usr/lib/php/20220829/pdo_pgsql.so (/usr/lib/php/20220829/pdo_pgsql.so: undefined symbol: pdo_parse_params)) in Unknown on line 0
[13-Feb-2023 19:29:14 UTC] Xdebug: [Step Debug] Could not connect to debugging client. Tried: localhost:9003 (through xdebug.client_host/xdebug.client_port).
[13-Feb-2023 19:29:14 UTC] Xdebug: [Step Debug] Could not connect to debugging client. Tried: localhost:9003 (through xdebug.client_host/xdebug.client_port).
[13-Feb-2023 20:29:18 Europe/Paris] PHP Warning:  PHP Startup: Unable to load dynamic library 'pdo_pgsql' (tried: /usr/lib/php/20220829/pdo_pgsql (/usr/lib/php/20220829/pdo_pgsql: cannot open shared object file: No such file or directory), /usr/lib/php/20220829/pdo_pgsql.so (/usr/lib/php/20220829/pdo_pgsql.so: undefined symbol: pdo_parse_params)) in Unknown on line 0
[13-Feb-2023 19:29:18 UTC] Xdebug: [Step Debug] Could not connect to debugging client. Tried: localhost:9003 (through xdebug.client_host/xdebug.client_port).
[13-Feb-2023 20:29:18 Europe/Paris] PHP Warning:  PHP Startup: Unable to load dynamic library 'pdo_pgsql' (tried: /usr/lib/php/20220829/pdo_pgsql (/usr/lib/php/20220829/pdo_pgsql: cannot open shared object file: No such file or directory), /usr/lib/php/20220829/pdo_pgsql.so (/usr/lib/php/20220829/pdo_pgsql.so: undefined symbol: pdo_parse_params)) in Unknown on line 0
[13-Feb-2023 20:29:19 Europe/Paris] PHP Warning:  PHP Startup: Unable to load dynamic library 'pdo_pgsql' (tried: /usr/lib/php/20220829/pdo_pgsql (/usr/lib/php/20220829/pdo_pgsql: cannot open shared object file: No such file or directory), /usr/lib/php/20220829/pdo_pgsql.so (/usr/lib/php/20220829/pdo_pgsql.so: undefined symbol: pdo_parse_params)) in Unknown on line 0
[13-Feb-2023 19:29:19 UTC] Xdebug: [Step Debug] Could not connect to debugging client. Tried: localhost:9003 (through xdebug.client_host/xdebug.client_port).
[13-Feb-2023 19:29:19 UTC] Xdebug: [Step Debug] Could not connect to debugging client. Tried: localhost:9003 (through xdebug.client_host/xdebug.client_port).
[13-Feb-2023 20:29:26 Europe/Paris] PHP Warning:  PHP Startup: Unable to load dynamic library 'pdo_pgsql' (tried: /usr/lib/php/20220829/pdo_pgsql (/usr/lib/php/20220829/pdo_pgsql: cannot open shared object file: No such file or directory), /usr/lib/php/20220829/pdo_pgsql.so (/usr/lib/php/20220829/pdo_pgsql.so: undefined symbol: pdo_parse_params)) in Unknown on line 0
[13-Feb-2023 19:29:26 UTC] Xdebug: [Step Debug] Could not connect to debugging client. Tried: localhost:9003 (through xdebug.client_host/xdebug.client_port).
[13-Feb-2023 19:29:26 UTC] Xdebug: [Step Debug] Could not connect to debugging client. Tried: localhost:9003 (through xdebug.client_host/xdebug.client_port).
[13-Feb-2023 19:29:26 UTC] Xdebug: [Step Debug] Could not connect to debugging client. Tried: localhost:9003 (through xdebug.client_host/xdebug.client_port).
[13-Feb-2023 19:29:26 UTC] Xdebug: [Step Debug] Could not connect to debugging client. Tried: localhost:9003 (through xdebug.client_host/xdebug.client_port).
[14-Feb-2023 20:45:45 Europe/Paris] PHP Warning:  PHP Startup: Unable to load dynamic library 'pdo_pgsql' (tried: /usr/lib/php/20220829/pdo_pgsql (/usr/lib/php/20220829/pdo_pgsql: cannot open shared object file: No such file or directory), /usr/lib/php/20220829/pdo_pgsql.so (/usr/lib/php/20220829/pdo_pgsql.so: undefined symbol: pdo_parse_params)) in Unknown on line 0
[14-Feb-2023 19:45:45 UTC] Xdebug: [Step Debug] Could not connect to debugging client. Tried: localhost:9003 (through xdebug.client_host/xdebug.client_port).
[14-Feb-2023 21:00:29 Europe/Paris] PHP Warning:  PHP Startup: Unable to load dynamic library 'pdo_pgsql' (tried: /usr/lib/php/20220829/pdo_pgsql (/usr/lib/php/20220829/pdo_pgsql: cannot open shared object file: No such file or directory), /usr/lib/php/20220829/pdo_pgsql.so (/usr/lib/php/20220829/pdo_pgsql.so: undefined symbol: pdo_parse_params)) in Unknown on line 0
[14-Feb-2023 21:00:41 Europe/Paris] PHP Warning:  PHP Startup: Unable to load dynamic library 'pdo_pgsql' (tried: /usr/lib/php/20220829/pdo_pgsql (/usr/lib/php/20220829/pdo_pgsql: cannot open shared object file: No such file or directory), /usr/lib/php/20220829/pdo_pgsql.so (/usr/lib/php/20220829/pdo_pgsql.so: undefined symbol: pdo_parse_params)) in Unknown on line 0
[14-Feb-2023 20:00:41 UTC] Xdebug: [Step Debug] Could not connect to debugging client. Tried: localhost:9003 (through xdebug.client_host/xdebug.client_port).
[14-Feb-2023 20:00:41 UTC] Xdebug: [Step Debug] Could not connect to debugging client. Tried: localhost:9003 (through xdebug.client_host/xdebug.client_port).
[14-Feb-2023 21:02:29 Europe/Paris] PHP Warning:  PHP Startup: Unable to load dynamic library 'pdo_pgsql' (tried: /usr/lib/php/20220829/pdo_pgsql (/usr/lib/php/20220829/pdo_pgsql: cannot open shared object file: No such file or directory), /usr/lib/php/20220829/pdo_pgsql.so (/usr/lib/php/20220829/pdo_pgsql.so: undefined symbol: pdo_parse_params)) in Unknown on line 0
[14-Feb-2023 20:02:29 UTC] Xdebug: [Step Debug] Could not connect to debugging client. Tried: localhost:9003 (through xdebug.client_host/xdebug.client_port).
[14-Feb-2023 20:02:29 UTC] Xdebug: [Step Debug] Could not connect to debugging client. Tried: localhost:9003 (through xdebug.client_host/xdebug.client_port).
[17-Feb-2023 16:35:21 Europe/Paris] PHP Warning:  PHP Startup: Unable to load dynamic library 'pdo_pgsql' (tried: /usr/lib/php/20220829/pdo_pgsql (/usr/lib/php/20220829/pdo_pgsql: cannot open shared object file: No such file or directory), /usr/lib/php/20220829/pdo_pgsql.so (/usr/lib/php/20220829/pdo_pgsql.so: undefined symbol: pdo_parse_params)) in Unknown on line 0
[17-Feb-2023 15:35:21 UTC] Xdebug: [Step Debug] Could not connect to debugging client. Tried: localhost:9003 (through xdebug.client_host/xdebug.client_port).
[20-Feb-2023 18:25:07 Europe/Paris] PHP Warning:  PHP Startup: Unable to load dynamic library 'pdo_pgsql' (tried: /usr/lib/php/20220829/pdo_pgsql (/usr/lib/php/20220829/pdo_pgsql: cannot open shared object file: No such file or directory), /usr/lib/php/20220829/pdo_pgsql.so (/usr/lib/php/20220829/pdo_pgsql.so: undefined symbol: pdo_parse_params)) in Unknown on line 0
[20-Feb-2023 17:25:07 UTC] Xdebug: [Step Debug] Could not connect to debugging client. Tried: localhost:9003 (through xdebug.client_host/xdebug.client_port).
[20-Feb-2023 18:33:01 Europe/Paris] PHP Warning:  PHP Startup: Unable to load dynamic library 'pdo_pgsql' (tried: /usr/lib/php/20220829/pdo_pgsql (/usr/lib/php/20220829/pdo_pgsql: cannot open shared object file: No such file or directory), /usr/lib/php/20220829/pdo_pgsql.so (/usr/lib/php/20220829/pdo_pgsql.so: undefined symbol: pdo_parse_params)) in Unknown on line 0
[20-Feb-2023 17:33:01 UTC] Xdebug: [Step Debug] Could not connect to debugging client. Tried: localhost:9003 (through xdebug.client_host/xdebug.client_port).
[20-Feb-2023 18:33:01 Europe/Paris] PHP Warning:  PHP Startup: Unable to load dynamic library 'pdo_pgsql' (tried: /usr/lib/php/20220829/pdo_pgsql (/usr/lib/php/20220829/pdo_pgsql: cannot open shared object file: No such file or directory), /usr/lib/php/20220829/pdo_pgsql.so (/usr/lib/php/20220829/pdo_pgsql.so: undefined symbol: pdo_parse_params)) in Unknown on line 0
[20-Feb-2023 17:33:01 UTC] Xdebug: [Step Debug] Could not connect to debugging client. Tried: localhost:9003 (through xdebug.client_host/xdebug.client_port).
[20-Feb-2023 18:33:01 Europe/Paris] PHP Warning:  PHP Startup: Unable to load dynamic library 'pdo_pgsql' (tried: /usr/lib/php/20220829/pdo_pgsql (/usr/lib/php/20220829/pdo_pgsql: cannot open shared object file: No such file or directory), /usr/lib/php/20220829/pdo_pgsql.so (/usr/lib/php/20220829/pdo_pgsql.so: undefined symbol: pdo_parse_params)) in Unknown on line 0
[20-Feb-2023 18:33:04 Europe/Paris] PHP Warning:  PHP Startup: Unable to load dynamic library 'pdo_pgsql' (tried: /usr/lib/php/20220829/pdo_pgsql (/usr/lib/php/20220829/pdo_pgsql: cannot open shared object file: No such file or directory), /usr/lib/php/20220829/pdo_pgsql.so (/usr/lib/php/20220829/pdo_pgsql.so: undefined symbol: pdo_parse_params)) in Unknown on line 0
[20-Feb-2023 17:33:04 UTC] Xdebug: [Step Debug] Could not connect to debugging client. Tried: localhost:9003 (through xdebug.client_host/xdebug.client_port).
[20-Feb-2023 17:33:04 UTC] Xdebug: [Step Debug] Could not connect to debugging client. Tried: localhost:9003 (through xdebug.client_host/xdebug.client_port).
[20-Feb-2023 17:33:04 UTC] Xdebug: [Step Debug] Could not connect to debugging client. Tried: localhost:9003 (through xdebug.client_host/xdebug.client_port).
[20-Feb-2023 18:45:47 Europe/Paris] PHP Warning:  PHP Startup: Unable to load dynamic library 'pdo_pgsql' (tried: /usr/lib/php/20220829/pdo_pgsql (/usr/lib/php/20220829/pdo_pgsql: cannot open shared object file: No such file or directory), /usr/lib/php/20220829/pdo_pgsql.so (/usr/lib/php/20220829/pdo_pgsql.so: undefined symbol: pdo_parse_params)) in Unknown on line 0
[20-Feb-2023 17:45:47 UTC] Xdebug: [Step Debug] Could not connect to debugging client. Tried: localhost:9003 (through xdebug.client_host/xdebug.client_port).
[20-Feb-2023 17:45:48 UTC] Xdebug: [Step Debug] Could not connect to debugging client. Tried: localhost:9003 (through xdebug.client_host/xdebug.client_port).
[20-Feb-2023 17:45:48 UTC] Xdebug: [Step Debug] Could not connect to debugging client. Tried: localhost:9003 (through xdebug.client_host/xdebug.client_port).
[20-Feb-2023 17:45:48 UTC] Xdebug: [Step Debug] Could not connect to debugging client. Tried: localhost:9003 (through xdebug.client_host/xdebug.client_port).
[20-Feb-2023 18:46:23 Europe/Paris] PHP Warning:  PHP Startup: Unable to load dynamic library 'pdo_pgsql' (tried: /usr/lib/php/20220829/pdo_pgsql (/usr/lib/php/20220829/pdo_pgsql: cannot open shared object file: No such file or directory), /usr/lib/php/20220829/pdo_pgsql.so (/usr/lib/php/20220829/pdo_pgsql.so: undefined symbol: pdo_parse_params)) in Unknown on line 0
[20-Feb-2023 17:46:23 UTC] Xdebug: [Step Debug] Could not connect to debugging client. Tried: localhost:9003 (through xdebug.client_host/xdebug.client_port).
[20-Feb-2023 17:46:23 UTC] Xdebug: [Step Debug] Could not connect to debugging client. Tried: localhost:9003 (through xdebug.client_host/xdebug.client_port).
[20-Feb-2023 17:46:23 UTC] Xdebug: [Step Debug] Could not connect to debugging client. Tried: localhost:9003 (through xdebug.client_host/xdebug.client_port).
[20-Feb-2023 17:46:23 UTC] Xdebug: [Step Debug] Could not connect to debugging client. Tried: localhost:9003 (through xdebug.client_host/xdebug.client_port).
[21-Feb-2023 20:49:27 Europe/Paris] PHP Warning:  PHP Startup: Unable to load dynamic library 'pdo_pgsql' (tried: /usr/lib/php/20220829/pdo_pgsql (/usr/lib/php/20220829/pdo_pgsql: cannot open shared object file: No such file or directory), /usr/lib/php/20220829/pdo_pgsql.so (/usr/lib/php/20220829/pdo_pgsql.so: undefined symbol: pdo_parse_params)) in Unknown on line 0
[21-Feb-2023 19:49:27 UTC] Xdebug: [Step Debug] Could not connect to debugging client. Tried: localhost:9003 (through xdebug.client_host/xdebug.client_port).
[23-Feb-2023 17:24:37 Europe/Paris] PHP Warning:  PHP Startup: Unable to load dynamic library 'pdo_pgsql' (tried: /usr/lib/php/20220829/pdo_pgsql (/usr/lib/php/20220829/pdo_pgsql: cannot open shared object file: No such file or directory), /usr/lib/php/20220829/pdo_pgsql.so (/usr/lib/php/20220829/pdo_pgsql.so: undefined symbol: pdo_parse_params)) in Unknown on line 0
[23-Feb-2023 16:24:37 UTC] Xdebug: [Step Debug] Could not connect to debugging client. Tried: localhost:9003 (through xdebug.client_host/xdebug.client_port).
[23-Feb-2023 16:24:37 UTC] Xdebug: [Step Debug] Could not connect to debugging client. Tried: localhost:9003 (through xdebug.client_host/xdebug.client_port).
[23-Feb-2023 17:25:09 Europe/Paris] PHP Warning:  PHP Startup: Unable to load dynamic library 'pdo_pgsql' (tried: /usr/lib/php/20220829/pdo_pgsql (/usr/lib/php/20220829/pdo_pgsql: cannot open shared object file: No such file or directory), /usr/lib/php/20220829/pdo_pgsql.so (/usr/lib/php/20220829/pdo_pgsql.so: undefined symbol: pdo_parse_params)) in Unknown on line 0
[23-Feb-2023 16:25:09 UTC] Xdebug: [Step Debug] Could not connect to debugging client. Tried: localhost:9003 (through xdebug.client_host/xdebug.client_port).
[23-Feb-2023 16:25:09 UTC] Xdebug: [Step Debug] Could not connect to debugging client. Tried: localhost:9003 (through xdebug.client_host/xdebug.client_port).
[23-Feb-2023 17:33:50 Europe/Paris] PHP Warning:  PHP Startup: Unable to load dynamic library 'pdo_pgsql' (tried: /usr/lib/php/20220829/pdo_pgsql (/usr/lib/php/20220829/pdo_pgsql: cannot open shared object file: No such file or directory), /usr/lib/php/20220829/pdo_pgsql.so (/usr/lib/php/20220829/pdo_pgsql.so: undefined symbol: pdo_parse_params)) in Unknown on line 0
[23-Feb-2023 16:33:50 UTC] Xdebug: [Step Debug] Could not connect to debugging client. Tried: localhost:9003 (through xdebug.client_host/xdebug.client_port).
[23-Feb-2023 17:45:55 Europe/Paris] PHP Warning:  PHP Startup: Unable to load dynamic library 'pdo_pgsql' (tried: /usr/lib/php/20220829/pdo_pgsql (/usr/lib/php/20220829/pdo_pgsql: cannot open shared object file: No such file or directory), /usr/lib/php/20220829/pdo_pgsql.so (/usr/lib/php/20220829/pdo_pgsql.so: undefined symbol: pdo_parse_params)) in Unknown on line 0
[23-Feb-2023 16:45:55 UTC] Xdebug: [Step Debug] Could not connect to debugging client. Tried: localhost:9003 (through xdebug.client_host/xdebug.client_port).
[23-Feb-2023 17:46:37 Europe/Paris] PHP Warning:  PHP Startup: Unable to load dynamic library 'pdo_pgsql' (tried: /usr/lib/php/20220829/pdo_pgsql (/usr/lib/php/20220829/pdo_pgsql: cannot open shared object file: No such file or directory), /usr/lib/php/20220829/pdo_pgsql.so (/usr/lib/php/20220829/pdo_pgsql.so: undefined symbol: pdo_parse_params)) in Unknown on line 0
[23-Feb-2023 16:46:37 UTC] Xdebug: [Step Debug] Could not connect to debugging client. Tried: localhost:9003 (through xdebug.client_host/xdebug.client_port).
[23-Feb-2023 16:46:37 UTC] Xdebug: [Step Debug] Could not connect to debugging client. Tried: localhost:9003 (through xdebug.client_host/xdebug.client_port).
[23-Feb-2023 17:48:14 Europe/Paris] PHP Warning:  PHP Startup: Unable to load dynamic library 'pdo_pgsql' (tried: /usr/lib/php/20220829/pdo_pgsql (/usr/lib/php/20220829/pdo_pgsql: cannot open shared object file: No such file or directory), /usr/lib/php/20220829/pdo_pgsql.so (/usr/lib/php/20220829/pdo_pgsql.so: undefined symbol: pdo_parse_params)) in Unknown on line 0
[23-Feb-2023 16:48:14 UTC] Xdebug: [Step Debug] Could not connect to debugging client. Tried: localhost:9003 (through xdebug.client_host/xdebug.client_port).
